Scanning Boot From EBS
Scanning CloudWatch
Scanning Create Resources
Scanning Create Users
Scanning Custom Eutester Script
Scanning Deploy Cloud from Packages
Scanning Deploy Cloud from Source
Scanning EBS Suite
Scanning End to End Upgrade Test
Scanning Eutester4j Suite
Scanning Get Debug
Scanning Instance Suite
Scanning PopulateUpgrade
Scanning Rebuild Hosts Using Cobbler
Scanning Register BFEBS
Scanning Run SOS Report
Scanning Tagging+Filtering
Scanning Upgrade
Scanning Upload Cloud Configuration
Scanning Upload Host Keypair
Scanning Walrus Bucket Tests
Scanning Walrus Object Tests
